<?xml version="1.0" encoding="UTF-8"?>
<!-- Generated by org.testng.reporters.JUnitReportReporter -->
<testsuite hostname="DESKTOP-9CG3S45" failures="0" tests="1" name="testCases.TC_001_AccountRegistrationTest" time="30.122" errors="0" timestamp="2025-03-02T18:36:02 IST" skipped="0">
  <testcase classname="testCases.TC_001_AccountRegistrationTest" name="verify_account_registration" time="30.122"/>
</testsuite> <!-- testCases.TC_001_AccountRegistrationTest -->
